<?xml version="1.0" encoding="UTF-8"?>
<!-- Generated by org.testng.reporters.JUnitReportReporter -->
<testsuite skipped="0" hostname="TRUUGQA62" name="restAsured.estAsured.RestGetApi" tests="1" failures="0" timestamp="2022-10-04T17:25:37 EAT" time="4.641" errors="0">
  <testcase name="getListofUsers" time="4.641" classname="restAsured.estAsured.RestGetApi"/>
  <system-out/>
</testsuite> <!-- restAsured.estAsured.RestGetApi -->
