<?xml version="1.0" encoding="UTF-8"?>
<!-- Generated by org.testng.reporters.JUnitReportReporter -->
<testsuite skipped="0" hostname="TRUUGQA62" name="restAsured.estAsured.RestPostAPI" tests="1" failures="0" timestamp="2022-10-04T17:25:37 EAT" time="1.016" errors="0">
  <testcase name="postUsers" time="1.016" classname="restAsured.estAsured.RestPostAPI"/>
  <system-out/>
</testsuite> <!-- restAsured.estAsured.RestPostAPI -->
